The following packages were automatically installed and are no longer required:
  cuda-cccl-12-9 cuda-command-line-tools-12-9 cuda-compiler-12-9 cuda-crt-12-9 cuda-cudart-12-9 cuda-cudart-dev-12-9 cuda-cuobjdump-12-9 cuda-cupti-12-9 cuda-cupti-dev-12-9 cuda-cuxxfilt-12-9
  cuda-documentation-12-9 cuda-driver-dev-12-9 cuda-gdb-12-9 cuda-libraries-12-9 cuda-libraries-dev-12-9 cuda-nsight-12-9 cuda-nsight-compute-12-9 cuda-nsight-systems-12-9 cuda-nvcc-12-9
  cuda-nvdisasm-12-9 cuda-nvml-dev-12-9 cuda-nvprof-12-9 cuda-nvprune-12-9 cuda-nvrtc-12-9 cuda-nvrtc-dev-12-9 cuda-nvtx-12-9 cuda-nvvm-12-9 cuda-nvvp-12-9 cuda-opencl-12-9 cuda-profiler-api-12-9
  cuda-sandbox-dev-12-9 cuda-sanitizer-12-9 cuda-toolkit-12-9 cuda-toolkit-12-9-config-common cuda-tools-12-9 cuda-visual-tools-12-9 gds-tools-12-9 libapparmor1:i386 libasound2:i386 libasyncns0:i386
  libcublas-12-9 libcublas-dev-12-9 libcufft-12-9 libcufft-dev-12-9 libcufile-12-9 libcufile-dev-12-9 libcurand-12-9 libcurand-dev-12-9 libcusolver-12-9 libcusolver-dev-12-9 libcusparse-12-9
  libcusparse-dev-12-9 libdbus-1-3:i386 libflac8:i386 libnpp-12-9 libnpp-dev-12-9 libnvfatbin-12-9 libnvfatbin-dev-12-9 libnvidia-gpucomp-575 libnvidia-gpucomp-575:i386 libnvjitlink-12-9
  libnvjitlink-dev-12-9 libnvjpeg-12-9 libnvjpeg-dev-12-9 libogg0:i386 libopus0:i386 libpulse0:i386 libsamplerate0:i386 libsndfile1:i386 libvorbis0a:i386 libvorbisenc2:i386
  linux-headers-6.8.0-52-generic linux-hwe-6.8-headers-6.8.0-52 linux-hwe-6.8-tools-6.8.0-52 linux-image-6.8.0-52-generic linux-modules-6.8.0-52-generic linux-modules-extra-6.8.0-52-generic
  linux-tools-6.8.0-52-generic nsight-compute-2025.2.1 nsight-systems-2025.1.3 nvidia-firmware-575
Use 'sudo apt autoremove' to remove them.
The following NEW packages will be installed:
  apt-transport-https
0 upgraded, 1 newly installed, 0 to remove and 23 not upgraded.
Need to get 1,512 B of archives.
After this operation, 169 kB of additional disk space will be used.
Get:1 http://hk.archive.ubuntu.com/ubuntu jammy/universe amd64 apt-transport-https all 2.4.5 [1,512 B]
Fetched 1,512 B in 0s (5,337 B/s)               
Selecting previously unselected package apt-transport-https.
(Reading database ... 495822 files and directories currently installed.)
Preparing to unpack .../apt-transport-https_2.4.5_all.deb ...
Unpacking apt-transport-https (2.4.5) ...
Setting up apt-transport-https (2.4.5) ...
gpg: WARNING: unsafe ownership on homedir '/home/lzw/.gnupg'
Get:1 file:/var/cuda-repo-ubuntu2204-12-2-local  InRelease [1,572 B]
Get:2 file:/var/nccl-local-repo-ubuntu2204-2.18.3-cuda12.2  InRelease [1,572 B]                                                                                                                            
Get:1 file:/var/cuda-repo-ubuntu2204-12-2-local  InRelease [1,572 B]                                                                                                                                       
Get:2 file:/var/nccl-local-repo-ubuntu2204-2.18.3-cuda12.2  InRelease [1,572 B]                                                                                                                            
Ign:3 https://apt.packages.shiftkey.dev/ubuntu any InRelease                                                                                                                                               
Hit:4 https://repo.steampowered.com/steam stable InRelease                                                                                                                                                 
Hit:5 http://hk.archive.ubuntu.com/ubuntu jammy InRelease                                                                                                                                                  
Hit:6 https://cli.github.com/packages stable InRelease                                                                                                                                                     
Get:7 https://deb.nodesource.com/node_22.x nodistro InRelease [12.1 kB]                                                                                                                                    
Hit:8 http://security.ubuntu.com/ubuntu jammy-security InRelease                                                                                  
Hit:9 https://packages.mozilla.org/apt mozilla InRelease                                                        
Hit:10 https://esm.ubuntu.com/apps/ubuntu jammy-apps-security InRelease                   
Get:11 https://deb.nodesource.com/node_22.x nodistro/main amd64 Packages [7,417 B]        
Hit:12 https://ppa.launchpadcontent.net/deadsnakes/ppa/ubuntu jammy InRelease                          
Hit:13 https://esm.ubuntu.com/apps/ubuntu jammy-apps-updates InRelease                      
Hit:14 https://ppa.launchpadcontent.net/longsleep/golang-backports/ubuntu jammy InRelease
Hit:15 https://esm.ubuntu.com/infra/ubuntu jammy-infra-security InRelease                                              
Hit:16 https://ppa.launchpadcontent.net/openjdk-r/ppa/ubuntu jammy InRelease                                           
Ign:3 https://apt.packages.shiftkey.dev/ubuntu any InRelease                                     
Hit:17 https://esm.ubuntu.com/infra/ubuntu jammy-infra-updates InRelease                         
Hit:18 https://developer.download.nvidia.com/compute/cuda/repos/ubuntu2204/x86_64  InRelease
Ign:3 https://apt.packages.shiftkey.dev/ubuntu any InRelease
Err:3 https://apt.packages.shiftkey.dev/ubuntu any InRelease                                                                                                                                               
  Certificate verification failed: The certificate is NOT trusted. The name in the certificate does not match the expected.  Could not handshake: Error in the certificate verification. [IP: 127.0.0.1 7890]
Fetched 19.6 kB in 8s (2,335 B/s)                                                                                                                                                                          
Reading package lists... Done
W: Failed to fetch https://apt.packages.shiftkey.dev/ubuntu/dists/any/InRelease  Certificate verification failed: The certificate is NOT trusted. The name in the certificate does not match the expected.  Could not handshake: Error in the certificate verification. [IP: 127.0.0.1 7890]
W: Some index files failed to download. They have been ignored, or old ones used instead.
2025-08-23 03:08:07 - Repository configured successfully.
2025-08-23 03:08:07 - To install Node.js, run: apt-get install nodejs -y
2025-08-23 03:08:07 - You can use N|solid Runtime as a node.js alternative
2025-08-23 03:08:07 - To install N|solid Runtime, run: apt-get install nsolid -y 