Traceback (most recent call last):
  File "/Users/lzwjava/projects/lzwjava.github.io/scripts/imagen/imagen_og.py", line 18, in <module>
    config=GenerateImagesConfig(
           ~~~~~~~~~~~~~~~~~~~~^
        image_size="CUSTOM",
        ^^^^^^^^^^^^^^^^^^^^
    ...<4 lines>...
        person_generation="ALLOW_ADULT",
        ^^^^^^^^^^^^^^^^^^^^^^^^^^^^^^^^
    ),
    ^
  File "/opt/homebrew/lib/python3.13/site-packages/pydantic/main.py", line 214, in __init__
    validated_self = self.__pydantic_validator__.validate_python(data, self_instance=self)
pydantic_core._pydantic_core.ValidationError: 2 validation errors for GenerateImagesConfig
custom_width
  Extra inputs are not permitted [type=extra_forbidden, input_value=1200, input_type=int]
    For further information visit https://errors.pydantic.dev/2.10/v/extra_forbidden
custom_height
  Extra inputs are not permitted [type=extra_forbidden, input_value=630, input_type=int]
    For further information visit https://errors.pydantic.dev/2.10/v/extra_forbidden