$ sudo apt-get install nodejs -y 
Reading package lists... Done
Building dependency tree... Done
Reading state information... Done
The following packages were automatically installed and are no longer required:
  cuda-cccl-12-9 cuda-command-line-tools-12-9 cuda-compiler-12-9 cuda-crt-12-9 cuda-cudart-12-9 cuda-cudart-dev-12-9 cuda-cuobjdump-12-9 cuda-cupti-12-9 cuda-cupti-dev-12-9 cuda-cuxxfilt-12-9
  cuda-documentation-12-9 cuda-driver-dev-12-9 cuda-gdb-12-9 cuda-libraries-12-9 cuda-libraries-dev-12-9 cuda-nsight-12-9 cuda-nsight-compute-12-9 cuda-nsight-systems-12-9 cuda-nvcc-12-9
  cuda-nvdisasm-12-9 cuda-nvml-dev-12-9 cuda-nvprof-12-9 cuda-nvprune-12-9 cuda-nvrtc-12-9 cuda-nvrtc-dev-12-9 cuda-nvtx-12-9 cuda-nvvm-12-9 cuda-nvvp-12-9 cuda-opencl-12-9 cuda-profiler-api-12-9
  cuda-sandbox-dev-12-9 cuda-sanitizer-12-9 cuda-toolkit-12-9 cuda-toolkit-12-9-config-common cuda-tools-12-9 cuda-visual-tools-12-9 gds-tools-12-9 libapparmor1:i386 libasound2:i386 libasyncns0:i386
  libcublas-12-9 libcublas-dev-12-9 libcufft-12-9 libcufft-dev-12-9 libcufile-12-9 libcufile-dev-12-9 libcurand-12-9 libcurand-dev-12-9 libcusolver-12-9 libcusolver-dev-12-9 libcusparse-12-9
  libcusparse-dev-12-9 libdbus-1-3:i386 libflac8:i386 libnpp-12-9 libnpp-dev-12-9 libnvfatbin-12-9 libnvfatbin-dev-12-9 libnvidia-gpucomp-575 libnvidia-gpucomp-575:i386 libnvjitlink-12-9
  libnvjitlink-dev-12-9 libnvjpeg-12-9 libnvjpeg-dev-12-9 libogg0:i386 libopus0:i386 libpulse0:i386 libsamplerate0:i386 libsndfile1:i386 libvorbis0a:i386 libvorbisenc2:i386
  linux-headers-6.8.0-52-generic linux-hwe-6.8-headers-6.8.0-52 linux-hwe-6.8-tools-6.8.0-52 linux-image-6.8.0-52-generic linux-modules-6.8.0-52-generic linux-modules-extra-6.8.0-52-generic
  linux-tools-6.8.0-52-generic nsight-compute-2025.2.1 nsight-systems-2025.1.3 nvidia-firmware-575
Use 'sudo apt autoremove' to remove them.
The following NEW packages will be installed:
  nodejs
0 upgraded, 1 newly installed, 0 to remove and 23 not upgraded.
Need to get 37.0 MB of archives.
After this operation, 225 MB of additional disk space will be used.
Get:1 https://deb.nodesource.com/node_22.x nodistro/main amd64 nodejs amd64 22.18.0-1nodesource1 [37.0 MB]
2% [1 nodejs 880 kB/37.0 MB 2%] Y

Fetched 37.0 MB in 34s (1,073 kB/s)                                                                                                                                                                        
Selecting previously unselected package nodejs.
(Reading database ... 495826 files and directories currently installed.)
Preparing to unpack .../nodejs_22.18.0-1nodesource1_amd64.deb ...
Unpacking nodejs (22.18.0-1nodesource1) ...
Setting up nodejs (22.18.0-1nodesource1) ...
Processing triggers for man-db (2.10.2-1) ...